.android/plugins_build_output/stringee_flutter_plugin/intermediates/manifest_merge_blame_file/debug/manifest-merger-blame-debug-report.txt
1<?xml version="1.0" encoding="utf-8"?>
2<manifest xmlns:android="http://schemas.android.com/apk/res/android"
3    package="com.stringee.stringeeflutterplugin" >
4
5    <uses-sdk
6        android:minSdkVersion="21"
6-->src/main/AndroidManifest.xml
7        android:targetSdkVersion="21" />
7-->src/main/AndroidManifest.xml
8
9    <uses-feature
9-->src/main/AndroidManifest.xml:4:5-6:36
10        android:glEsVersion="0x00020000"
10-->src/main/AndroidManifest.xml:5:9-41
11        android:required="false" />
11-->src/main/AndroidManifest.xml:6:9-33
12
13    <uses-permission android:name="android.permission.INTERNET" />
13-->src/main/AndroidManifest.xml:8:5-67
13-->src/main/AndroidManifest.xml:8:22-64
14    <uses-permission android:name="android.permission.ACCESS_NETWORK_STATE" />
14-->src/main/AndroidManifest.xml:9:5-79
14-->src/main/AndroidManifest.xml:9:22-76
15    <uses-permission android:name="android.permission.ACCESS_WIFI_STATE" />
15-->src/main/AndroidManifest.xml:10:5-76
15-->src/main/AndroidManifest.xml:10:22-73
16    <uses-permission android:name="android.permission.CAMERA" />
16-->src/main/AndroidManifest.xml:11:5-65
16-->src/main/AndroidManifest.xml:11:22-62
17    <uses-permission android:name="android.permission.RECORD_AUDIO" />
17-->src/main/AndroidManifest.xml:12:5-71
17-->src/main/AndroidManifest.xml:12:22-68
18    <uses-permission android:name="android.permission.MODIFY_AUDIO_SETTINGS" />
18-->src/main/AndroidManifest.xml:13:5-80
18-->src/main/AndroidManifest.xml:13:22-77
19    <uses-permission android:name="android.permission.BLUETOOTH" />
19-->src/main/AndroidManifest.xml:14:5-68
19-->src/main/AndroidManifest.xml:14:22-65
20    <uses-permission android:name="android.permission.WAKE_LOCK" />
20-->src/main/AndroidManifest.xml:15:5-68
20-->src/main/AndroidManifest.xml:15:22-65
21    <uses-permission android:name="android.permission.VIBRATE" />
21-->src/main/AndroidManifest.xml:16:5-66
21-->src/main/AndroidManifest.xml:16:22-63
22    <uses-permission android:name="android.permission.DISABLE_KEYGUARD" />
22-->src/main/AndroidManifest.xml:17:5-75
22-->src/main/AndroidManifest.xml:17:22-72
23    <uses-permission android:name="android.permission.SYSTEM_ALERT_WINDOW" />
23-->src/main/AndroidManifest.xml:18:5-78
23-->src/main/AndroidManifest.xml:18:22-75
24    <uses-permission android:name="android.permission.USE_FULL_SCREEN_INTENT" />
24-->src/main/AndroidManifest.xml:19:5-81
24-->src/main/AndroidManifest.xml:19:22-78
25
26</manifest>